<?xml version="1.0" encoding="UTF-8"?>
<testng-results ignored="0" total="6" passed="6" failed="0" skipped="0">
  <reporter-output>
  </reporter-output>
  <suite started-at="2022-08-15T22:36:18 BST" name="All Test Suite" finished-at="2022-08-15T22:36:20 BST" duration-ms="2414">
    <groups>
    </groups>
    <test started-at="2022-08-15T22:36:18 BST" name="/Users/preethyk/Documents/IT/RestAssured_BoilerPlate" finished-at="2022-08-15T22:36:20 BST" duration-ms="2414">
      <class name="testCases.TestCases">
        <test-method signature="testGetRequest_HappyCase()[pri:1, instance:testCases.TestCases@721eb7df]" started-at="2022-08-15T22:36:18 BST" name="testGetRequest_HappyCase" finished-at="2022-08-15T22:36:19 BST" duration-ms="1179" status="PASS">
          <reporter-output>
          </reporter-output>
        </test-method> <!-- testGetRequest_HappyCase -->
        <test-method signature="testGetRequest_UnhappyCase()[pri:2, instance:testCases.TestCases@721eb7df]" started-at="2022-08-15T22:36:19 BST" name="testGetRequest_UnhappyCase" finished-at="2022-08-15T22:36:19 BST" duration-ms="145" status="PASS">
          <reporter-output>
          </reporter-output>
        </test-method> <!-- testGetRequest_UnhappyCase -->
        <test-method signature="testPostRequest_HappyCase()[pri:3, instance:testCases.TestCases@721eb7df]" started-at="2022-08-15T22:36:19 BST" name="testPostRequest_HappyCase" finished-at="2022-08-15T22:36:20 BST" duration-ms="604" status="PASS">
          <reporter-output>
          </reporter-output>
        </test-method> <!-- testPostRequest_HappyCase -->
        <test-method signature="testPostRequest_UnhappyCase()[pri:4, instance:testCases.TestCases@721eb7df]" started-at="2022-08-15T22:36:20 BST" name="testPostRequest_UnhappyCase" finished-at="2022-08-15T22:36:20 BST" duration-ms="137" status="PASS">
          <reporter-output>
          </reporter-output>
        </test-method> <!-- testPostRequest_UnhappyCase -->
        <test-method signature="testPutRequest_HappyCase()[pri:5, instance:testCases.TestCases@721eb7df]" started-at="2022-08-15T22:36:20 BST" name="testPutRequest_HappyCase" finished-at="2022-08-15T22:36:20 BST" duration-ms="134" status="PASS">
          <reporter-output>
          </reporter-output>
        </test-method> <!-- testPutRequest_HappyCase -->
        <test-method signature="testDeleteRequest_HappyCase()[pri:6, instance:testCases.TestCases@721eb7df]" started-at="2022-08-15T22:36:20 BST" name="testDeleteRequest_HappyCase" finished-at="2022-08-15T22:36:20 BST" duration-ms="158" status="PASS">
          <reporter-output>
          </reporter-output>
        </test-method> <!-- testDeleteRequest_HappyCase -->
      </class> <!-- testCases.TestCases -->
    </test> <!-- /Users/preethyk/Documents/IT/RestAssured_BoilerPlate -->
  </suite> <!-- All Test Suite -->
</testng-results>
