<?xml version="1.0" encoding="UTF-8"?>
<!-- Generated by org.testng.reporters.JUnitXMLReporter -->
<testsuite ignored="0" hostname="preethys-mbp.lan" failures="0" tests="6" name="/Users/preethyk/Documents/IT/RestAssured_BoilerPlate" time="2.414" errors="0" timestamp="2022-08-15T22:36:20 BST">
  <testcase classname="testCases.TestCases" name="testGetRequest_HappyCase" time="1.179"/>
  <testcase classname="testCases.TestCases" name="testGetRequest_UnhappyCase" time="0.145"/>
  <testcase classname="testCases.TestCases" name="testPostRequest_HappyCase" time="0.604"/>
  <testcase classname="testCases.TestCases" name="testPostRequest_UnhappyCase" time="0.137"/>
  <testcase classname="testCases.TestCases" name="testPutRequest_HappyCase" time="0.134"/>
  <testcase classname="testCases.TestCases" name="testDeleteRequest_HappyCase" time="0.158"/>
</testsuite> <!-- /Users/preethyk/Documents/IT/RestAssured_BoilerPlate -->
